<?xml version="1.0" encoding="UTF-8"?>
<!-- Generated by org.testng.reporters.JUnitReportReporter -->
<testsuite skipped="0" hostname="DESKTOP-G8D04B7" name="org.testing.C" tests="2" failures="0" timestamp="24 Nov 2021 15:47:18 GMT" time="0.062" errors="0">
  <testcase name="tc10" time="0.031" classname="org.testing.C"/>
  <testcase name="tc9" time="0.031" classname="org.testing.C"/>
</testsuite> <!-- org.testing.C -->
