<?xml version="1.0" encoding="UTF-8"?>
<!-- Generated by org.testng.reporters.JUnitReportReporter -->
<testsuite skipped="0" hostname="DESKTOP-G8D04B7" name="org.testing.A" tests="5" failures="0" timestamp="24 Nov 2021 15:47:18 GMT" time="0.247" errors="0">
  <testcase name="tc4" time="0.047" classname="org.testing.A"/>
  <testcase name="tc3" time="0.049" classname="org.testing.A"/>
  <testcase name="tc2" time="0.050" classname="org.testing.A"/>
  <testcase name="tc5" time="0.050" classname="org.testing.A"/>
  <testcase name="tc1" time="0.051" classname="org.testing.A"/>
</testsuite> <!-- org.testing.A -->
