<?xml version="1.0" encoding="UTF-8"?>
<!-- Generated by org.testng.reporters.JUnitReportReporter -->
<testsuite skipped="0" hostname="DESKTOP-G8D04B7" name="org.testing.LaunchTest" tests="2" failures="0" timestamp="24 Nov 2021 16:47:51 GMT" time="76.036" errors="0">
  <testcase name="tc1" time="38.428" classname="org.testing.LaunchTest"/>
  <testcase name="tc1" time="37.608" classname="org.testing.LaunchTest"/>
</testsuite> <!-- org.testing.LaunchTest -->
