<?xml version="1.0" encoding="UTF-8"?>
<!-- Generated by org.testng.reporters.JUnitReportReporter -->
<testsuite skipped="0" hostname="DESKTOP-G8D04B7" name="org.testing.NewTestNg" tests="2" failures="0" timestamp="21 Nov 2021 16:14:53 GMT" time="4.918" errors="0">
  <testcase name="test1" time="3.444" classname="org.testing.NewTestNg"/>
  <testcase name="test2" time="1.474" classname="org.testing.NewTestNg"/>
</testsuite> <!-- org.testing.NewTestNg -->
