<?xml version="1.0" encoding="UTF-8"?>
<!-- Generated by org.testng.reporters.JUnitReportReporter -->
<testsuite skipped="0" hostname="DESKTOP-G8D04B7" name="org.testing.TestngSession" tests="2" failures="0" timestamp="23 Nov 2021 16:20:05 GMT" time="10.116" errors="0">
  <testcase name="test12" time="2.427" classname="org.testing.TestngSession"/>
  <testcase name="test1" time="7.689" classname="org.testing.TestngSession"/>
</testsuite> <!-- org.testing.TestngSession -->
