<?xml version="1.0" encoding="UTF-8"?>
<!-- Generated by org.testng.reporters.JUnitReportReporter -->
<testsuite skipped="0" hostname="DESKTOP-G8D04B7" name="org.testing.SampleTest" tests="1" failures="0" timestamp="23 Nov 2021 16:33:44 GMT" time="0.016" errors="0">
  <testcase name="tc2" time="0.016" classname="org.testing.SampleTest"/>
</testsuite> <!-- org.testing.SampleTest -->
