<?xml version="1.0" encoding="UTF-8"?>
<!-- Generated by org.testng.reporters.JUnitReportReporter -->
<testsuite skipped="0" hostname="DESKTOP-G8D04B7" name="org.testing.B" tests="3" failures="0" timestamp="24 Nov 2021 15:47:18 GMT" time="0.031" errors="0">
  <testcase name="tc7" time="0.000" classname="org.testing.B"/>
  <testcase name="tc6" time="0.031" classname="org.testing.B"/>
  <testcase name="tc8" time="0.000" classname="org.testing.B"/>
</testsuite> <!-- org.testing.B -->
