<?xml version="1.0" encoding="UTF-8"?>
<!-- Generated by org.testng.reporters.JUnitReportReporter -->
<testsuite skipped="0" hostname="DESKTOP-G8D04B7" name="org.testing.TestNg" tests="2" failures="0" timestamp="20 Nov 2021 09:29:23 GMT" time="8.609" errors="0">
  <testcase name="test1" time="7.007" classname="org.testing.TestNg"/>
  <testcase name="test2" time="1.602" classname="org.testing.TestNg"/>
</testsuite> <!-- org.testing.TestNg -->
