<?xml version="1.0" encoding="UTF-8"?>
<!-- Generated by org.testng.reporters.JUnitReportReporter -->
<testsuite skipped="0" hostname="DESKTOP-G8D04B7" name="org.testing.DataProviders" tests="6" failures="0" timestamp="22 Nov 2021 15:49:23 GMT" time="23.480" errors="0">
  <testcase name="test1" time="5.647" classname="org.testing.DataProviders"/>
  <testcase name="test1" time="4.408" classname="org.testing.DataProviders"/>
  <testcase name="test12" time="3.007" classname="org.testing.DataProviders"/>
  <testcase name="test1" time="5.665" classname="org.testing.DataProviders"/>
  <testcase name="test12" time="1.489" classname="org.testing.DataProviders"/>
  <testcase name="test12" time="3.264" classname="org.testing.DataProviders"/>
</testsuite> <!-- org.testing.DataProviders -->
